c:\users\jbahl\desktop\pet_project\zork\zork\debug\zork.pch
c:\users\jbahl\desktop\pet_project\zork\zork\debug\vc120.pdb
c:\users\jbahl\desktop\pet_project\zork\zork\debug\vc120.idb
c:\users\jbahl\desktop\pet_project\zork\zork\debug\stdafx.obj
c:\users\jbahl\desktop\pet_project\zork\zork\debug\inventory.obj
c:\users\jbahl\desktop\pet_project\zork\zork\debug\item.obj
c:\users\jbahl\desktop\pet_project\zork\zork\debug\main.obj
c:\users\jbahl\desktop\pet_project\zork\zork\debug\parser.obj
c:\users\jbahl\desktop\pet_project\zork\zork\debug\player.obj
c:\users\jbahl\desktop\pet_project\zork\zork\debug\room.obj
c:\users\jbahl\desktop\pet_project\zork\zork\debug\weapon.obj
c:\users\jbahl\desktop\pet_project\zork\zork\debug\worldmap.obj
c:\users\jbahl\desktop\pet_project\zork\zork\debug\zork.obj
c:\users\jbahl\desktop\pet_project\zork\debug\zork.ilk
c:\users\jbahl\desktop\pet_project\zork\debug\zork.exe
c:\users\jbahl\desktop\pet_project\zork\debug\zork.pdb
c:\users\jbahl\desktop\pet_project\zork\zork\debug\zork.tlog\cl.command.1.tlog
c:\users\jbahl\desktop\pet_project\zork\zork\debug\zork.tlog\cl.read.1.tlog
c:\users\jbahl\desktop\pet_project\zork\zork\debug\zork.tlog\cl.write.1.tlog
c:\users\jbahl\desktop\pet_project\zork\zork\debug\zork.tlog\link.command.1.tlog
c:\users\jbahl\desktop\pet_project\zork\zork\debug\zork.tlog\link.read.1.tlog
c:\users\jbahl\desktop\pet_project\zork\zork\debug\zork.tlog\link.write.1.tlog
